1676598786.239359 client started (1312): version 2.6, socket /tmp/tmux-1000/default, protocol 8
1676598786.239428 on Linux 4.9.299-tegra #1 SMP PREEMPT Tue Nov 22 09:24:39 PST 2022; libevent 2.1.8-stable (poll)
1676598786.239473 socket is /tmp/tmux-1000/default
1676598786.239502 trying connect
1676598786.239615 add peer 0x55a8930ab0: 6 ((nil))
1676598786.239752 sending message 100 to peer 0x55a8930ab0 (4 bytes)
1676598786.239778 sending message 101 to peer 0x55a8930ab0 (7 bytes)
1676598786.239792 sending message 102 to peer 0x55a8930ab0 (11 bytes)
1676598786.239806 sending message 108 to peer 0x55a8930ab0 (31 bytes)
1676598786.239823 sending message 104 to peer 0x55a8930ab0 (0 bytes)
1676598786.239839 sending message 107 to peer 0x55a8930ab0 (4 bytes)
1676598786.239860 sending message 105 to peer 0x55a8930ab0 (1516 bytes)
1676598786.239892 sending message 105 to peer 0x55a8930ab0 (37 bytes)
1676598786.239906 sending message 105 to peer 0x55a8930ab0 (52 bytes)
1676598786.239919 sending message 105 to peer 0x55a8930ab0 (34 bytes)
1676598786.239932 sending message 105 to peer 0x55a8930ab0 (17 bytes)
1676598786.239945 sending message 105 to peer 0x55a8930ab0 (37 bytes)
1676598786.239958 sending message 105 to peer 0x55a8930ab0 (17 bytes)
1676598786.239971 sending message 105 to peer 0x55a8930ab0 (12 bytes)
1676598786.239984 sending message 105 to peer 0x55a8930ab0 (35 bytes)
1676598786.239997 sending message 105 to peer 0x55a8930ab0 (18 bytes)
1676598786.240010 sending message 105 to peer 0x55a8930ab0 (35 bytes)
1676598786.240022 sending message 105 to peer 0x55a8930ab0 (34 bytes)
1676598786.240036 sending message 105 to peer 0x55a8930ab0 (35 bytes)
1676598786.240049 sending message 105 to peer 0x55a8930ab0 (65 bytes)
1676598786.240062 sending message 105 to peer 0x55a8930ab0 (36 bytes)
1676598786.240075 sending message 105 to peer 0x55a8930ab0 (38 bytes)
1676598786.240088 sending message 105 to peer 0x55a8930ab0 (14 bytes)
1676598786.240102 sending message 105 to peer 0x55a8930ab0 (19 bytes)
1676598786.240115 sending message 105 to peer 0x55a8930ab0 (22 bytes)
1676598786.240128 sending message 105 to peer 0x55a8930ab0 (12 bytes)
1676598786.240141 sending message 105 to peer 0x55a8930ab0 (16 bytes)
1676598786.240154 sending message 105 to peer 0x55a8930ab0 (21 bytes)
1676598786.240167 sending message 105 to peer 0x55a8930ab0 (13 bytes)
1676598786.240180 sending message 105 to peer 0x55a8930ab0 (8 bytes)
1676598786.240193 sending message 105 to peer 0x55a8930ab0 (18 bytes)
1676598786.240205 sending message 105 to peer 0x55a8930ab0 (56 bytes)
1676598786.240218 sending message 105 to peer 0x55a8930ab0 (40 bytes)
1676598786.240230 sending message 105 to peer 0x55a8930ab0 (29 bytes)
1676598786.240243 sending message 105 to peer 0x55a8930ab0 (15 bytes)
1676598786.240256 sending message 105 to peer 0x55a8930ab0 (54 bytes)
1676598786.240270 sending message 105 to peer 0x55a8930ab0 (31 bytes)
1676598786.240283 sending message 105 to peer 0x55a8930ab0 (173 bytes)
1676598786.240296 sending message 105 to peer 0x55a8930ab0 (47 bytes)
1676598786.240310 sending message 105 to peer 0x55a8930ab0 (19 bytes)
1676598786.240323 sending message 105 to peer 0x55a8930ab0 (32 bytes)
1676598786.240336 sending message 105 to peer 0x55a8930ab0 (16 bytes)
1676598786.240349 sending message 105 to peer 0x55a8930ab0 (20 bytes)
1676598786.240361 sending message 105 to peer 0x55a8930ab0 (16 bytes)
1676598786.240374 sending message 106 to peer 0x55a8930ab0 (0 bytes)
1676598786.240388 sending message 200 to peer 0x55a8930ab0 (4 bytes)
1676598786.240400 client loop enter
1676598786.241235 peer 0x55a8930ab0 message 211
1676598786.241292 peer 0x55a8930ab0 message 203
1676598786.241308 client loop exit
