make: Warning: File 'Makefile' has modification time 26108842 s in the future
make[1]: Warning: File 'CMakeFiles/Makefile2' has modification time 26108842 s in the future
make[2]: Warning: File 'CMakeFiles/tf2_msgs_generate_messages_nodejs.dir/progress.make' has modification time 26108842 s in the future
make[2]: Warning: File 'CMakeFiles/visualization_msgs_generate_messages_nodejs.dir/progress.make' has modification time 26108842 s in the future
make[2]: Warning: File 'CMakeFiles/visualization_msgs_generate_messages_lisp.dir/progress.make' has modification time 26108842 s in the future
make[2]: warning:  Clock skew detected.  Your build may be incomplete.
make[2]: Warning: File 'CMakeFiles/tf2_msgs_generate_messages_nodejs.dir/progress.make' has modification time 26108842 s in the future
make[2]: warning:  Clock skew detected.  Your build may be incomplete.
make[2]: warning:  Clock skew detected.  Your build may be incomplete.
make[2]: Warning: File 'CMakeFiles/visualization_msgs_generate_messages_nodejs.dir/progress.make' has modification time 26108842 s in the future
make[2]: warning:  Clock skew detected.  Your build may be incomplete.
make[2]: warning:  Clock skew detected.  Your build may be incomplete.
make[2]: Warning: File 'CMakeFiles/visualization_msgs_generate_messages_lisp.dir/progress.make' has modification time 26108842 s in the future
make[2]: warning:  Clock skew detected.  Your build may be incomplete.
[  0%] Built target tf2_msgs_generate_messages_nodejs
[  0%] Built target visualization_msgs_generate_messages_nodejs
[  0%] Built target visualization_msgs_generate_messages_lisp
make[2]: Warning: File 'CMakeFiles/trajectory_msgs_generate_messages_nodejs.dir/progress.make' has modification time 26108842 s in the future
make[2]: Warning: File 'CMakeFiles/trajectory_msgs_generate_messages_lisp.dir/progress.make' has modification time 26108842 s in the future
make[2]: Warning: File 'CMakeFiles/trajectory_msgs_generate_messages_cpp.dir/progress.make' has modification time 26108842 s in the future
make[2]: warning:  Clock skew detected.  Your build may be incomplete.
make[2]: warning:  Clock skew detected.  Your build may be incomplete.
make[2]: warning:  Clock skew detected.  Your build may be incomplete.
make[2]: Warning: File 'CMakeFiles/trajectory_msgs_generate_messages_lisp.dir/progress.make' has modification time 26108842 s in the future
make[2]: warning:  Clock skew detected.  Your build may be incomplete.
make[2]: Warning: File 'CMakeFiles/trajectory_msgs_generate_messages_nodejs.dir/progress.make' has modification time 26108842 s in the future
make[2]: warning:  Clock skew detected.  Your build may be incomplete.
make[2]: Warning: File 'CMakeFiles/trajectory_msgs_generate_messages_cpp.dir/progress.make' has modification time 26108842 s in the future
make[2]: warning:  Clock skew detected.  Your build may be incomplete.
[  0%] Built target trajectory_msgs_generate_messages_cpp
[  0%] Built target trajectory_msgs_generate_messages_nodejs
[  0%] Built target trajectory_msgs_generate_messages_lisp
make[2]: Warning: File 'CMakeFiles/nav_msgs_generate_messages_lisp.dir/progress.make' has modification time 26108842 s in the future
make[2]: Warning: File 'CMakeFiles/nav_msgs_generate_messages_eus.dir/progress.make' has modification time 26108842 s in the future
make[2]: Warning: File 'CMakeFiles/visualization_msgs_generate_messages_eus.dir/progress.make' has modification time 26108842 s in the future
make[2]: warning:  Clock skew detected.  Your build may be incomplete.
make[2]: warning:  Clock skew detected.  Your build may be incomplete.
make[2]: warning:  Clock skew detected.  Your build may be incomplete.
make[2]: Warning: File 'CMakeFiles/nav_msgs_generate_messages_lisp.dir/progress.make' has modification time 26108842 s in the future
make[2]: Warning: File 'CMakeFiles/nav_msgs_generate_messages_eus.dir/progress.make' has modification time 26108842 s in the future
make[2]: warning:  Clock skew detected.  Your build may be incomplete.
make[2]: warning:  Clock skew detected.  Your build may be incomplete.
make[2]: Warning: File 'CMakeFiles/visualization_msgs_generate_messages_eus.dir/progress.make' has modification time 26108842 s in the future
make[2]: warning:  Clock skew detected.  Your build may be incomplete.
[  0%] Built target nav_msgs_generate_messages_lisp
[  0%] Built target nav_msgs_generate_messages_eus
[  0%] Built target visualization_msgs_generate_messages_eus
make[2]: Warning: File 'CMakeFiles/nav_msgs_generate_messages_cpp.dir/progress.make' has modification time 26108842 s in the future
make[2]: Warning: File 'CMakeFiles/mavros_msgs_generate_messages_py.dir/progress.make' has modification time 26108842 s in the future
make[2]: Warning: File 'CMakeFiles/mavros_msgs_generate_messages_nodejs.dir/progress.make' has modification time 26108842 s in the future
make[2]: warning:  Clock skew detected.  Your build may be incomplete.
make[2]: warning:  Clock skew detected.  Your build may be incomplete.
make[2]: Warning: File 'CMakeFiles/mavros_msgs_generate_messages_py.dir/progress.make' has modification time 26108842 s in the future
make[2]: warning:  Clock skew detected.  Your build may be incomplete.
make[2]: Warning: File 'CMakeFiles/nav_msgs_generate_messages_cpp.dir/progress.make' has modification time 26108842 s in the future
make[2]: warning:  Clock skew detected.  Your build may be incomplete.
make[2]: warning:  Clock skew detected.  Your build may be incomplete.
make[2]: Warning: File 'CMakeFiles/mavros_msgs_generate_messages_nodejs.dir/progress.make' has modification time 26108842 s in the future
make[2]: warning:  Clock skew detected.  Your build may be incomplete.
[  0%] Built target mavros_msgs_generate_messages_py
[  0%] Built target nav_msgs_generate_messages_cpp
[  0%] Built target mavros_msgs_generate_messages_nodejs
make[2]: Warning: File 'CMakeFiles/mavros_msgs_generate_messages_eus.dir/progress.make' has modification time 26108842 s in the future
make[2]: Warning: File 'CMakeFiles/uuid_msgs_generate_messages_nodejs.dir/progress.make' has modification time 26108842 s in the future
make[2]: Warning: File 'CMakeFiles/geographic_msgs_generate_messages_py.dir/progress.make' has modification time 26108842 s in the future
make[2]: warning:  Clock skew detected.  Your build may be incomplete.
make[2]: warning:  Clock skew detected.  Your build may be incomplete.
make[2]: Warning: File 'CMakeFiles/mavros_msgs_generate_messages_eus.dir/progress.make' has modification time 26108842 s in the future
make[2]: warning:  Clock skew detected.  Your build may be incomplete.
make[2]: Warning: File 'CMakeFiles/uuid_msgs_generate_messages_nodejs.dir/progress.make' has modification time 26108842 s in the future
make[2]: warning:  Clock skew detected.  Your build may be incomplete.
make[2]: warning:  Clock skew detected.  Your build may be incomplete.
make[2]: Warning: File 'CMakeFiles/geographic_msgs_generate_messages_py.dir/progress.make' has modification time 26108842 s in the future
make[2]: warning:  Clock skew detected.  Your build may be incomplete.
[  0%] Built target uuid_msgs_generate_messages_nodejs
[  0%] Built target mavros_msgs_generate_messages_eus
make[2]: Warning: File 'CMakeFiles/geographic_msgs_generate_messages_nodejs.dir/progress.make' has modification time 26108841 s in the future
make[2]: Warning: File 'CMakeFiles/geographic_msgs_generate_messages_eus.dir/progress.make' has modification time 26108841 s in the future
[  0%] Built target geographic_msgs_generate_messages_py
make[2]: Warning: File 'CMakeFiles/uuid_msgs_generate_messages_lisp.dir/progress.make' has modification time 26108841 s in the future
make[2]: warning:  Clock skew detected.  Your build may be incomplete.
make[2]: warning:  Clock skew detected.  Your build may be incomplete.
make[2]: Warning: File 'CMakeFiles/geographic_msgs_generate_messages_eus.dir/progress.make' has modification time 26108841 s in the future
make[2]: Warning: File 'CMakeFiles/geographic_msgs_generate_messages_nodejs.dir/progress.make' has modification time 26108841 s in the future
make[2]: warning:  Clock skew detected.  Your build may be incomplete.
make[2]: warning:  Clock skew detected.  Your build may be incomplete.
[  0%] Built target geographic_msgs_generate_messages_nodejs
make[2]: warning:  Clock skew detected.  Your build may be incomplete.
make[2]: Warning: File 'CMakeFiles/uuid_msgs_generate_messages_lisp.dir/progress.make' has modification time 26108841 s in the future
make[2]: warning:  Clock skew detected.  Your build may be incomplete.
[  0%] Built target geographic_msgs_generate_messages_eus
make[2]: Warning: File 'CMakeFiles/diagnostic_msgs_generate_messages_nodejs.dir/progress.make' has modification time 26108841 s in the future
make[2]: Warning: File 'CMakeFiles/diagnostic_msgs_generate_messages_eus.dir/progress.make' has modification time 26108841 s in the future
[  0%] Built target uuid_msgs_generate_messages_lisp
make[2]: Warning: File 'CMakeFiles/topic_tools_generate_messages_nodejs.dir/progress.make' has modification time 26108841 s in the future
make[2]: warning:  Clock skew detected.  Your build may be incomplete.
make[2]: Warning: File 'CMakeFiles/diagnostic_msgs_generate_messages_eus.dir/progress.make' has modification time 26108841 s in the future
make[2]: warning:  Clock skew detected.  Your build may be incomplete.
make[2]: warning:  Clock skew detected.  Your build may be incomplete.
make[2]: Warning: File 'CMakeFiles/diagnostic_msgs_generate_messages_nodejs.dir/progress.make' has modification time 26108841 s in the future
make[2]: warning:  Clock skew detected.  Your build may be incomplete.
[  0%] Built target diagnostic_msgs_generate_messages_eus
make[2]: Warning: File 'CMakeFiles/topic_tools_generate_messages_lisp.dir/progress.make' has modification time 26108841 s in the future
make[2]: warning:  Clock skew detected.  Your build may be incomplete.
[  0%] Built target diagnostic_msgs_generate_messages_nodejs
make[2]: Warning: File 'CMakeFiles/topic_tools_generate_messages_nodejs.dir/progress.make' has modification time 26108841 s in the future
make[2]: warning:  Clock skew detected.  Your build may be incomplete.
make[2]: Warning: File 'CMakeFiles/topic_tools_generate_messages_eus.dir/progress.make' has modification time 26108841 s in the future
[  0%] Built target topic_tools_generate_messages_nodejs
make[2]: warning:  Clock skew detected.  Your build may be incomplete.
make[2]: Warning: File 'CMakeFiles/topic_tools_generate_messages_lisp.dir/progress.make' has modification time 26108841 s in the future
make[2]: warning:  Clock skew detected.  Your build may be incomplete.
[  0%] Built target topic_tools_generate_messages_lisp
make[2]: Warning: File 'CMakeFiles/visualization_msgs_generate_messages_py.dir/progress.make' has modification time 26108841 s in the future
make[2]: Warning: File 'CMakeFiles/topic_tools_generate_messages_cpp.dir/progress.make' has modification time 26108841 s in the future
make[2]: warning:  Clock skew detected.  Your build may be incomplete.
make[2]: warning:  Clock skew detected.  Your build may be incomplete.
make[2]: Warning: File 'CMakeFiles/topic_tools_generate_messages_eus.dir/progress.make' has modification time 26108841 s in the future
make[2]: warning:  Clock skew detected.  Your build may be incomplete.
make[2]: Warning: File 'CMakeFiles/visualization_msgs_generate_messages_py.dir/progress.make' has modification time 26108841 s in the future
make[2]: warning:  Clock skew detected.  Your build may be incomplete.
[  0%] Built target topic_tools_generate_messages_eus
[  0%] Built target visualization_msgs_generate_messages_py
make[2]: warning:  Clock skew detected.  Your build may be incomplete.
make[2]: Warning: File 'CMakeFiles/topic_tools_generate_messages_cpp.dir/progress.make' has modification time 26108841 s in the future
make[2]: warning:  Clock skew detected.  Your build may be incomplete.
make[2]: Warning: File 'CMakeFiles/std_srvs_generate_messages_lisp.dir/progress.make' has modification time 26108841 s in the future
make[2]: Warning: File 'CMakeFiles/std_srvs_generate_messages_eus.dir/progress.make' has modification time 26108841 s in the future
[  0%] Built target topic_tools_generate_messages_cpp
make[2]: Warning: File 'CMakeFiles/pcl_msgs_generate_messages_py.dir/progress.make' has modification time 26108841 s in the future
make[2]: warning:  Clock skew detected.  Your build may be incomplete.
make[2]: warning:  Clock skew detected.  Your build may be incomplete.
make[2]: Warning: File 'CMakeFiles/std_srvs_generate_messages_lisp.dir/progress.make' has modification time 26108841 s in the future
make[2]: warning:  Clock skew detected.  Your build may be incomplete.
make[2]: Warning: File 'CMakeFiles/std_srvs_generate_messages_eus.dir/progress.make' has modification time 26108841 s in the future
make[2]: warning:  Clock skew detected.  Your build may be incomplete.
[  0%] Built target std_srvs_generate_messages_lisp
make[2]: warning:  Clock skew detected.  Your build may be incomplete.
make[2]: Warning: File 'CMakeFiles/pcl_msgs_generate_messages_py.dir/progress.make' has modification time 26108841 s in the future
make[2]: warning:  Clock skew detected.  Your build may be incomplete.
[  0%] Built target std_srvs_generate_messages_eus
make[2]: Warning: File 'CMakeFiles/pcl_msgs_generate_messages_nodejs.dir/progress.make' has modification time 26108841 s in the future
make[2]: Warning: File 'CMakeFiles/pcl_msgs_generate_messages_lisp.dir/progress.make' has modification time 26108841 s in the future
[  0%] Built target pcl_msgs_generate_messages_py
make[2]: Warning: File 'CMakeFiles/pcl_msgs_generate_messages_eus.dir/progress.make' has modification time 26108841 s in the future
make[2]: warning:  Clock skew detected.  Your build may be incomplete.
make[2]: warning:  Clock skew detected.  Your build may be incomplete.
make[2]: Warning: File 'CMakeFiles/pcl_msgs_generate_messages_nodejs.dir/progress.make' has modification time 26108841 s in the future
make[2]: warning:  Clock skew detected.  Your build may be incomplete.
make[2]: Warning: File 'CMakeFiles/pcl_msgs_generate_messages_lisp.dir/progress.make' has modification time 26108841 s in the future
make[2]: warning:  Clock skew detected.  Your build may be incomplete.
make[2]: warning:  Clock skew detected.  Your build may be incomplete.
make[2]: Warning: File 'CMakeFiles/pcl_msgs_generate_messages_eus.dir/progress.make' has modification time 26108841 s in the future
make[2]: warning:  Clock skew detected.  Your build may be incomplete.
[  0%] Built target pcl_msgs_generate_messages_lisp
[  0%] Built target pcl_msgs_generate_messages_nodejs
make[2]: Warning: File 'CMakeFiles/pcl_msgs_generate_messages_cpp.dir/progress.make' has modification time 26108841 s in the future
make[2]: Warning: File 'CMakeFiles/uuid_msgs_generate_messages_py.dir/progress.make' has modification time 26108841 s in the future
[  0%] Built target pcl_msgs_generate_messages_eus
make[2]: Warning: File 'CMakeFiles/bond_generate_messages_py.dir/progress.make' has modification time 26108841 s in the future
make[2]: warning:  Clock skew detected.  Your build may be incomplete.
make[2]: warning:  Clock skew detected.  Your build may be incomplete.
make[2]: Warning: File 'CMakeFiles/pcl_msgs_generate_messages_cpp.dir/progress.make' has modification time 26108841 s in the future
make[2]: warning:  Clock skew detected.  Your build may be incomplete.
make[2]: Warning: File 'CMakeFiles/uuid_msgs_generate_messages_py.dir/progress.make' has modification time 26108841 s in the future
make[2]: warning:  Clock skew detected.  Your build may be incomplete.
make[2]: warning:  Clock skew detected.  Your build may be incomplete.
[  0%] Built target pcl_msgs_generate_messages_cpp
make[2]: Warning: File 'CMakeFiles/bond_generate_messages_py.dir/progress.make' has modification time 26108841 s in the future
make[2]: warning:  Clock skew detected.  Your build may be incomplete.
make[2]: Warning: File 'CMakeFiles/bond_generate_messages_nodejs.dir/progress.make' has modification time 26108841 s in the future
[  0%] Built target uuid_msgs_generate_messages_py
make[2]: Warning: File 'CMakeFiles/bond_generate_messages_lisp.dir/progress.make' has modification time 26108841 s in the future
[  0%] Built target bond_generate_messages_py
make[2]: warning:  Clock skew detected.  Your build may be incomplete.
make[2]: Warning: File 'CMakeFiles/bond_generate_messages_eus.dir/progress.make' has modification time 26108841 s in the future
make[2]: Warning: File 'CMakeFiles/bond_generate_messages_nodejs.dir/progress.make' has modification time 26108841 s in the future
make[2]: warning:  Clock skew detected.  Your build may be incomplete.
make[2]: warning:  Clock skew detected.  Your build may be incomplete.
make[2]: Warning: File 'CMakeFiles/bond_generate_messages_lisp.dir/progress.make' has modification time 26108841 s in the future
make[2]: warning:  Clock skew detected.  Your build may be incomplete.
make[2]: warning:  Clock skew detected.  Your build may be incomplete.
make[2]: Warning: File 'CMakeFiles/bond_generate_messages_eus.dir/progress.make' has modification time 26108841 s in the future
make[2]: warning:  Clock skew detected.  Your build may be incomplete.
[  0%] Built target bond_generate_messages_lisp
[  0%] Built target bond_generate_messages_nodejs
make[2]: Warning: File 'CMakeFiles/std_srvs_generate_messages_nodejs.dir/progress.make' has modification time 26108841 s in the future
make[2]: Warning: File 'CMakeFiles/nodelet_generate_messages_py.dir/progress.make' has modification time 26108841 s in the future
[  0%] Built target bond_generate_messages_eus
make[2]: Warning: File 'CMakeFiles/nodelet_generate_messages_nodejs.dir/progress.make' has modification time 26108841 s in the future
make[2]: warning:  Clock skew detected.  Your build may be incomplete.
make[2]: Warning: File 'CMakeFiles/nodelet_generate_messages_py.dir/progress.make' has modification time 26108841 s in the future
make[2]: warning:  Clock skew detected.  Your build may be incomplete.
make[2]: warning:  Clock skew detected.  Your build may be incomplete.
make[2]: Warning: File 'CMakeFiles/std_srvs_generate_messages_nodejs.dir/progress.make' has modification time 26108841 s in the future
make[2]: warning:  Clock skew detected.  Your build may be incomplete.
make[2]: warning:  Clock skew detected.  Your build may be incomplete.
make[2]: Warning: File 'CMakeFiles/nodelet_generate_messages_nodejs.dir/progress.make' has modification time 26108841 s in the future
make[2]: warning:  Clock skew detected.  Your build may be incomplete.
[  0%] Built target nodelet_generate_messages_py
[  0%] Built target std_srvs_generate_messages_nodejs
make[2]: Warning: File 'CMakeFiles/dynamic_reconfigure_gencfg.dir/progress.make' has modification time 26108841 s in the future
make[2]: Warning: File 'CMakeFiles/nodelet_generate_messages_cpp.dir/progress.make' has modification time 26108841 s in the future
[  0%] Built target nodelet_generate_messages_nodejs
make[2]: warning:  Clock skew detected.  Your build may be incomplete.
make[2]: Warning: File 'CMakeFiles/nodelet_generate_messages_cpp.dir/progress.make' has modification time 26108841 s in the future
make[2]: warning:  Clock skew detected.  Your build may be incomplete.
make[2]: Warning: File 'CMakeFiles/std_msgs_generate_messages_lisp.dir/progress.make' has modification time 26108841 s in the future
make[2]: warning:  Clock skew detected.  Your build may be incomplete.
make[2]: Warning: File 'CMakeFiles/dynamic_reconfigure_gencfg.dir/progress.make' has modification time 26108841 s in the future
make[2]: warning:  Clock skew detected.  Your build may be incomplete.
[  0%] Built target nodelet_generate_messages_cpp
make[2]: Warning: File 'CMakeFiles/nav_msgs_generate_messages_nodejs.dir/progress.make' has modification time 26108841 s in the future
make[2]: warning:  Clock skew detected.  Your build may be incomplete.
make[2]: Warning: File 'CMakeFiles/std_msgs_generate_messages_lisp.dir/progress.make' has modification time 26108841 s in the future
make[2]: warning:  Clock skew detected.  Your build may be incomplete.
[  0%] Built target dynamic_reconfigure_gencfg
make[2]: Warning: File 'CMakeFiles/diagnostic_msgs_generate_messages_py.dir/progress.make' has modification time 26108841 s in the future
make[2]: warning:  Clock skew detected.  Your build may be incomplete.
[  0%] Built target std_msgs_generate_messages_lisp
make[2]: Warning: File 'CMakeFiles/nav_msgs_generate_messages_nodejs.dir/progress.make' has modification time 26108841 s in the future
make[2]: warning:  Clock skew detected.  Your build may be incomplete.
make[2]: Warning: File 'CMakeFiles/sensor_msgs_generate_messages_cpp.dir/progress.make' has modification time 26108841 s in the future
make[2]: warning:  Clock skew detected.  Your build may be incomplete.
make[2]: Warning: File 'CMakeFiles/diagnostic_msgs_generate_messages_py.dir/progress.make' has modification time 26108840 s in the future
make[2]: warning:  Clock skew detected.  Your build may be incomplete.
[  0%] Built target nav_msgs_generate_messages_nodejs
make[2]: warning:  Clock skew detected.  Your build may be incomplete.
make[2]: Warning: File 'CMakeFiles/std_msgs_generate_messages_py.dir/progress.make' has modification time 26108840 s in the future
make[2]: Warning: File 'CMakeFiles/sensor_msgs_generate_messages_cpp.dir/progress.make' has modification time 26108840 s in the future
make[2]: warning:  Clock skew detected.  Your build may be incomplete.
[  0%] Built target diagnostic_msgs_generate_messages_py
make[2]: Warning: File 'CMakeFiles/nodelet_generate_messages_lisp.dir/progress.make' has modification time 26108840 s in the future
[  0%] Built target sensor_msgs_generate_messages_cpp
make[2]: Warning: File 'CMakeFiles/std_msgs_generate_messages_nodejs.dir/progress.make' has modification time 26108840 s in the future
make[2]: warning:  Clock skew detected.  Your build may be incomplete.
make[2]: Warning: File 'CMakeFiles/std_msgs_generate_messages_py.dir/progress.make' has modification time 26108840 s in the future
make[2]: warning:  Clock skew detected.  Your build may be incomplete.
[  0%] Built target std_msgs_generate_messages_py
make[2]: warning:  Clock skew detected.  Your build may be incomplete.
make[2]: Warning: File 'CMakeFiles/geometry_msgs_generate_messages_eus.dir/progress.make' has modification time 26108840 s in the future
make[2]: Warning: File 'CMakeFiles/nodelet_generate_messages_lisp.dir/progress.make' has modification time 26108840 s in the future
make[2]: warning:  Clock skew detected.  Your build may be incomplete.
make[2]: warning:  Clock skew detected.  Your build may be incomplete.
make[2]: Warning: File 'CMakeFiles/std_msgs_generate_messages_nodejs.dir/progress.make' has modification time 26108840 s in the future
make[2]: warning:  Clock skew detected.  Your build may be incomplete.
[  0%] Built target nodelet_generate_messages_lisp
[  0%] Built target std_msgs_generate_messages_nodejs
make[2]: Warning: File 'CMakeFiles/std_msgs_generate_messages_cpp.dir/progress.make' has modification time 26108840 s in the future
make[2]: warning:  Clock skew detected.  Your build may be incomplete.
make[2]: Warning: File 'CMakeFiles/dynamic_reconfigure_generate_messages_lisp.dir/progress.make' has modification time 26108840 s in the future
make[2]: Warning: File 'CMakeFiles/geometry_msgs_generate_messages_eus.dir/progress.make' has modification time 26108840 s in the future
make[2]: warning:  Clock skew detected.  Your build may be incomplete.
[  0%] Built target geometry_msgs_generate_messages_eus
make[2]: warning:  Clock skew detected.  Your build may be incomplete.
make[2]: warning:  Clock skew detected.  Your build may be incomplete.
make[2]: Warning: File 'CMakeFiles/std_msgs_generate_messages_cpp.dir/progress.make' has modification time 26108840 s in the future
make[2]: warning:  Clock skew detected.  Your build may be incomplete.
make[2]: Warning: File 'CMakeFiles/dynamic_reconfigure_generate_messages_lisp.dir/progress.make' has modification time 26108840 s in the future
make[2]: warning:  Clock skew detected.  Your build may be incomplete.
make[2]: Warning: File 'CMakeFiles/tf2_msgs_generate_messages_cpp.dir/progress.make' has modification time 26108840 s in the future
[  0%] Built target std_msgs_generate_messages_cpp
make[2]: Warning: File 'CMakeFiles/geographic_msgs_generate_messages_cpp.dir/progress.make' has modification time 26108840 s in the future
[  0%] Built target dynamic_reconfigure_generate_messages_lisp
make[2]: warning:  Clock skew detected.  Your build may be incomplete.
make[2]: Warning: File 'CMakeFiles/rosgraph_msgs_generate_messages_nodejs.dir/progress.make' has modification time 26108840 s in the future
make[2]: Warning: File 'CMakeFiles/tf2_msgs_generate_messages_cpp.dir/progress.make' has modification time 26108840 s in the future
make[2]: warning:  Clock skew detected.  Your build may be incomplete.
make[2]: warning:  Clock skew detected.  Your build may be incomplete.
make[2]: Warning: File 'CMakeFiles/geographic_msgs_generate_messages_cpp.dir/progress.make' has modification time 26108840 s in the future
make[2]: warning:  Clock skew detected.  Your build may be incomplete.
[  0%] Built target tf2_msgs_generate_messages_cpp
make[2]: warning:  Clock skew detected.  Your build may be incomplete.
make[2]: Warning: File 'CMakeFiles/rosgraph_msgs_generate_messages_nodejs.dir/progress.make' has modification time 26108840 s in the future
make[2]: warning:  Clock skew detected.  Your build may be incomplete.
make[2]: Warning: File 'CMakeFiles/actionlib_generate_messages_cpp.dir/progress.make' has modification time 26108840 s in the future
[  0%] Built target geographic_msgs_generate_messages_cpp
make[2]: Warning: File 'CMakeFiles/mavros_msgs_generate_messages_lisp.dir/progress.make' has modification time 26108840 s in the future
[  0%] Built target rosgraph_msgs_generate_messages_nodejs
make[2]: warning:  Clock skew detected.  Your build may be incomplete.
make[2]: Warning: File 'CMakeFiles/actionlib_msgs_generate_messages_py.dir/progress.make' has modification time 26108840 s in the future
make[2]: Warning: File 'CMakeFiles/actionlib_generate_messages_cpp.dir/progress.make' has modification time 26108840 s in the future
make[2]: warning:  Clock skew detected.  Your build may be incomplete.
make[2]: warning:  Clock skew detected.  Your build may be incomplete.
[  0%] Built target actionlib_generate_messages_cpp
make[2]: Warning: File 'CMakeFiles/mavros_msgs_generate_messages_lisp.dir/progress.make' has modification time 26108840 s in the future
make[2]: warning:  Clock skew detected.  Your build may be incomplete.
make[2]: Warning: File 'CMakeFiles/roscpp_generate_messages_lisp.dir/progress.make' has modification time 26108840 s in the future
make[2]: warning:  Clock skew detected.  Your build may be incomplete.
make[2]: Warning: File 'CMakeFiles/actionlib_msgs_generate_messages_py.dir/progress.make' has modification time 26108840 s in the future
make[2]: warning:  Clock skew detected.  Your build may be incomplete.
[  0%] Built target mavros_msgs_generate_messages_lisp
make[2]: warning:  Clock skew detected.  Your build may be incomplete.
make[2]: Warning: File 'CMakeFiles/actionlib_generate_messages_lisp.dir/progress.make' has modification time 26108840 s in the future
make[2]: Warning: File 'CMakeFiles/roscpp_generate_messages_lisp.dir/progress.make' has modification time 26108840 s in the future
make[2]: warning:  Clock skew detected.  Your build may be incomplete.
[  0%] Built target actionlib_msgs_generate_messages_py
[  0%] Built target roscpp_generate_messages_lisp
make[2]: Warning: File 'CMakeFiles/std_srvs_generate_messages_cpp.dir/progress.make' has modification time 26108840 s in the future
make[2]: warning:  Clock skew detected.  Your build may be incomplete.
make[2]: Warning: File 'CMakeFiles/actionlib_generate_messages_lisp.dir/progress.make' has modification time 26108840 s in the future
make[2]: warning:  Clock skew detected.  Your build may be incomplete.
make[2]: Warning: File 'CMakeFiles/tf_generate_messages_eus.dir/progress.make' has modification time 26108840 s in the future
make[2]: warning:  Clock skew detected.  Your build may be incomplete.
[  0%] Built target actionlib_generate_messages_lisp
make[2]: Warning: File 'CMakeFiles/std_srvs_generate_messages_cpp.dir/progress.make' has modification time 26108840 s in the future
make[2]: warning:  Clock skew detected.  Your build may be incomplete.
make[2]: warning:  Clock skew detected.  Your build may be incomplete.
make[2]: Warning: File 'CMakeFiles/tf_generate_messages_eus.dir/progress.make' has modification time 26108840 s in the future
make[2]: warning:  Clock skew detected.  Your build may be incomplete.
make[2]: Warning: File 'CMakeFiles/rosgraph_msgs_generate_messages_lisp.dir/progress.make' has modification time 26108840 s in the future
[  0%] Built target std_srvs_generate_messages_cpp
[  0%] Built target tf_generate_messages_eus
make[2]: Warning: File 'CMakeFiles/dynamic_reconfigure_generate_messages_py.dir/progress.make' has modification time 26108840 s in the future
make[2]: Warning: File 'CMakeFiles/actionlib_msgs_generate_messages_eus.dir/progress.make' has modification time 26108840 s in the future
make[2]: warning:  Clock skew detected.  Your build may be incomplete.
make[2]: Warning: File 'CMakeFiles/rosgraph_msgs_generate_messages_lisp.dir/progress.make' has modification time 26108840 s in the future
make[2]: warning:  Clock skew detected.  Your build may be incomplete.
make[2]: warning:  Clock skew detected.  Your build may be incomplete.
make[2]: warning:  Clock skew detected.  Your build may be incomplete.
make[2]: Warning: File 'CMakeFiles/dynamic_reconfigure_generate_messages_py.dir/progress.make' has modification time 26108840 s in the future
make[2]: warning:  Clock skew detected.  Your build may be incomplete.
make[2]: Warning: File 'CMakeFiles/actionlib_msgs_generate_messages_eus.dir/progress.make' has modification time 26108840 s in the future
make[2]: warning:  Clock skew detected.  Your build may be incomplete.
[  0%] Built target rosgraph_msgs_generate_messages_lisp
make[2]: Warning: File 'CMakeFiles/diagnostic_msgs_generate_messages_cpp.dir/progress.make' has modification time 26108840 s in the future
[  0%] Built target actionlib_msgs_generate_messages_eus
[  0%] Built target dynamic_reconfigure_generate_messages_py
make[2]: Warning: File 'CMakeFiles/rosgraph_msgs_generate_messages_py.dir/progress.make' has modification time 26108840 s in the future
make[2]: Warning: File 'CMakeFiles/trajectory_msgs_generate_messages_eus.dir/progress.make' has modification time 26108840 s in the future
make[2]: warning:  Clock skew detected.  Your build may be incomplete.
make[2]: Warning: File 'CMakeFiles/diagnostic_msgs_generate_messages_cpp.dir/progress.make' has modification time 26108840 s in the future
make[2]: warning:  Clock skew detected.  Your build may be incomplete.
make[2]: warning:  Clock skew detected.  Your build may be incomplete.
make[2]: Warning: File 'CMakeFiles/trajectory_msgs_generate_messages_eus.dir/progress.make' has modification time 26108840 s in the future
make[2]: warning:  Clock skew detected.  Your build may be incomplete.
make[2]: warning:  Clock skew detected.  Your build may be incomplete.
make[2]: Warning: File 'CMakeFiles/rosgraph_msgs_generate_messages_py.dir/progress.make' has modification time 26108840 s in the future
make[2]: warning:  Clock skew detected.  Your build may be incomplete.
[  0%] Built target diagnostic_msgs_generate_messages_cpp
[  0%] Built target trajectory_msgs_generate_messages_eus
make[2]: Warning: File 'CMakeFiles/roscpp_generate_messages_py.dir/progress.make' has modification time 26108840 s in the future
make[2]: Warning: File 'CMakeFiles/topic_tools_generate_messages_py.dir/progress.make' has modification time 26108840 s in the future
[  0%] Built target rosgraph_msgs_generate_messages_py
make[2]: Warning: File 'CMakeFiles/roscpp_generate_messages_cpp.dir/progress.make' has modification time 26108840 s in the future
make[2]: warning:  Clock skew detected.  Your build may be incomplete.
make[2]: warning:  Clock skew detected.  Your build may be incomplete.
make[2]: Warning: File 'CMakeFiles/roscpp_generate_messages_py.dir/progress.make' has modification time 26108840 s in the future
make[2]: warning:  Clock skew detected.  Your build may be incomplete.
make[2]: Warning: File 'CMakeFiles/topic_tools_generate_messages_py.dir/progress.make' has modification time 26108840 s in the future
make[2]: warning:  Clock skew detected.  Your build may be incomplete.
[  0%] Built target topic_tools_generate_messages_py
make[2]: warning:  Clock skew detected.  Your build may be incomplete.
[  0%] Built target roscpp_generate_messages_py
make[2]: Warning: File 'CMakeFiles/roscpp_generate_messages_cpp.dir/progress.make' has modification time 26108840 s in the future
make[2]: warning:  Clock skew detected.  Your build may be incomplete.
make[2]: Warning: File 'CMakeFiles/uuid_msgs_generate_messages_eus.dir/progress.make' has modification time 26108840 s in the future
make[2]: Warning: File 'CMakeFiles/uuid_msgs_generate_messages_cpp.dir/progress.make' has modification time 26108840 s in the future
[  0%] Built target roscpp_generate_messages_cpp
make[2]: warning:  Clock skew detected.  Your build may be incomplete.
make[2]: Warning: File 'CMakeFiles/uuid_msgs_generate_messages_eus.dir/progress.make' has modification time 26108840 s in the future
make[2]: warning:  Clock skew detected.  Your build may be incomplete.
make[2]: Warning: File 'CMakeFiles/roscpp_generate_messages_eus.dir/progress.make' has modification time 26108840 s in the future
make[2]: warning:  Clock skew detected.  Your build may be incomplete.
make[2]: Warning: File 'CMakeFiles/uuid_msgs_generate_messages_cpp.dir/progress.make' has modification time 26108840 s in the future
make[2]: warning:  Clock skew detected.  Your build may be incomplete.
[  0%] Built target uuid_msgs_generate_messages_eus
make[2]: Warning: File 'CMakeFiles/nav_msgs_generate_messages_py.dir/progress.make' has modification time 26108840 s in the future
make[2]: warning:  Clock skew detected.  Your build may be incomplete.
make[2]: Warning: File 'CMakeFiles/roscpp_generate_messages_eus.dir/progress.make' has modification time 26108840 s in the future
make[2]: warning:  Clock skew detected.  Your build may be incomplete.
[  0%] Built target uuid_msgs_generate_messages_cpp
make[2]: Warning: File 'CMakeFiles/tf_generate_messages_lisp.dir/progress.make' has modification time 26108840 s in the future
make[2]: warning:  Clock skew detected.  Your build may be incomplete.
make[2]: Warning: File 'CMakeFiles/nav_msgs_generate_messages_py.dir/progress.make' has modification time 26108840 s in the future
make[2]: warning:  Clock skew detected.  Your build may be incomplete.
[  0%] Built target roscpp_generate_messages_eus
make[2]: Warning: File 'CMakeFiles/dynamic_reconfigure_generate_messages_cpp.dir/progress.make' has modification time 26108840 s in the future
make[2]: warning:  Clock skew detected.  Your build may be incomplete.
make[2]: Warning: File 'CMakeFiles/tf_generate_messages_lisp.dir/progress.make' has modification time 26108840 s in the future
make[2]: warning:  Clock skew detected.  Your build may be incomplete.
make[2]: warning:  Clock skew detected.  Your build may be incomplete.
[  0%] Built target nav_msgs_generate_messages_py
make[2]: Warning: File 'CMakeFiles/dynamic_reconfigure_generate_messages_cpp.dir/progress.make' has modification time 26108840 s in the future
make[2]: warning:  Clock skew detected.  Your build may be incomplete.
make[2]: Warning: File 'CMakeFiles/roscpp_generate_messages_nodejs.dir/progress.make' has modification time 26108840 s in the future
[  0%] Built target tf_generate_messages_lisp
make[2]: Warning: File 'CMakeFiles/geographic_msgs_generate_messages_lisp.dir/progress.make' has modification time 26108839 s in the future
make[2]: warning:  Clock skew detected.  Your build may be incomplete.
[  0%] Built target dynamic_reconfigure_generate_messages_cpp
make[2]: Warning: File 'CMakeFiles/roscpp_generate_messages_nodejs.dir/progress.make' has modification time 26108839 s in the future
make[2]: warning:  Clock skew detected.  Your build may be incomplete.
make[2]: Warning: File 'CMakeFiles/std_srvs_generate_messages_py.dir/progress.make' has modification time 26108839 s in the future
make[2]: warning:  Clock skew detected.  Your build may be incomplete.
make[2]: Warning: File 'CMakeFiles/geographic_msgs_generate_messages_lisp.dir/progress.make' has modification time 26108839 s in the future
make[2]: warning:  Clock skew detected.  Your build may be incomplete.
[  0%] Built target roscpp_generate_messages_nodejs
[  0%] Built target geographic_msgs_generate_messages_lisp
make[2]: Warning: File 'CMakeFiles/rosgraph_msgs_generate_messages_eus.dir/progress.make' has modification time 26108839 s in the future
make[2]: Warning: File 'CMakeFiles/pcl_ros_gencfg.dir/progress.make' has modification time 26108839 s in the future
make[2]: warning:  Clock skew detected.  Your build may be incomplete.
make[2]: Warning: File 'CMakeFiles/std_srvs_generate_messages_py.dir/progress.make' has modification time 26108839 s in the future
make[2]: warning:  Clock skew detected.  Your build may be incomplete.
make[2]: warning:  Clock skew detected.  Your build may be incomplete.
make[2]: Warning: File 'CMakeFiles/rosgraph_msgs_generate_messages_eus.dir/progress.make' has modification time 26108839 s in the future
make[2]: warning:  Clock skew detected.  Your build may be incomplete.
[  0%] Built target std_srvs_generate_messages_py
make[2]: warning:  Clock skew detected.  Your build may be incomplete.
make[2]: Warning: File 'CMakeFiles/pcl_ros_gencfg.dir/progress.make' has modification time 26108839 s in the future
make[2]: warning:  Clock skew detected.  Your build may be incomplete.
make[2]: Warning: File 'CMakeFiles/tf_generate_messages_cpp.dir/progress.make' has modification time 26108839 s in the future
[  0%] Built target rosgraph_msgs_generate_messages_eus
[  0%] Built target pcl_ros_gencfg
make[2]: Warning: File 'CMakeFiles/geometry_msgs_generate_messages_lisp.dir/progress.make' has modification time 26108839 s in the future
make[2]: Warning: File 'CMakeFiles/tf_generate_messages_nodejs.dir/progress.make' has modification time 26108839 s in the future
make[2]: warning:  Clock skew detected.  Your build may be incomplete.
make[2]: Warning: File 'CMakeFiles/tf_generate_messages_cpp.dir/progress.make' has modification time 26108839 s in the future
make[2]: warning:  Clock skew detected.  Your build may be incomplete.
make[2]: warning:  Clock skew detected.  Your build may be incomplete.
make[2]: warning:  Clock skew detected.  Your build may be incomplete.
make[2]: Warning: File 'CMakeFiles/geometry_msgs_generate_messages_lisp.dir/progress.make' has modification time 26108839 s in the future
make[2]: warning:  Clock skew detected.  Your build may be incomplete.
[  0%] Built target tf_generate_messages_cpp
make[2]: Warning: File 'CMakeFiles/tf_generate_messages_nodejs.dir/progress.make' has modification time 26108839 s in the future
make[2]: warning:  Clock skew detected.  Your build may be incomplete.
make[2]: Warning: File 'CMakeFiles/geometry_msgs_generate_messages_cpp.dir/progress.make' has modification time 26108839 s in the future
[  0%] Built target geometry_msgs_generate_messages_lisp
[  0%] Built target tf_generate_messages_nodejs
make[2]: Warning: File 'CMakeFiles/mavros_msgs_generate_messages_cpp.dir/progress.make' has modification time 26108839 s in the future
make[2]: Warning: File 'CMakeFiles/bond_generate_messages_cpp.dir/progress.make' has modification time 26108839 s in the future
make[2]: warning:  Clock skew detected.  Your build may be incomplete.
make[2]: Warning: File 'CMakeFiles/geometry_msgs_generate_messages_cpp.dir/progress.make' has modification time 26108839 s in the future
make[2]: warning:  Clock skew detected.  Your build may be incomplete.
make[2]: warning:  Clock skew detected.  Your build may be incomplete.
make[2]: Warning: File 'CMakeFiles/mavros_msgs_generate_messages_cpp.dir/progress.make' has modification time 26108839 s in the future
make[2]: warning:  Clock skew detected.  Your build may be incomplete.
make[2]: warning:  Clock skew detected.  Your build may be incomplete.
make[2]: Warning: File 'CMakeFiles/bond_generate_messages_cpp.dir/progress.make' has modification time 26108839 s in the future
make[2]: warning:  Clock skew detected.  Your build may be incomplete.
[  0%] Built target geometry_msgs_generate_messages_cpp
make[2]: Warning: File 'CMakeFiles/dynamic_reconfigure_generate_messages_nodejs.dir/progress.make' has modification time 26108839 s in the future
[  0%] Built target mavros_msgs_generate_messages_cpp
[  0%] Built target bond_generate_messages_cpp
make[2]: Warning: File 'CMakeFiles/tf2_msgs_generate_messages_py.dir/progress.make' has modification time 26108839 s in the future
make[2]: Warning: File 'CMakeFiles/dynamic_reconfigure_generate_messages_eus.dir/progress.make' has modification time 26108839 s in the future
make[2]: warning:  Clock skew detected.  Your build may be incomplete.
make[2]: Warning: File 'CMakeFiles/dynamic_reconfigure_generate_messages_nodejs.dir/progress.make' has modification time 26108839 s in the future
make[2]: warning:  Clock skew detected.  Your build may be incomplete.
make[2]: warning:  Clock skew detected.  Your build may be incomplete.
make[2]: warning:  Clock skew detected.  Your build may be incomplete.
make[2]: Warning: File 'CMakeFiles/tf2_msgs_generate_messages_py.dir/progress.make' has modification time 26108839 s in the future
make[2]: warning:  Clock skew detected.  Your build may be incomplete.
make[2]: Warning: File 'CMakeFiles/dynamic_reconfigure_generate_messages_eus.dir/progress.make' has modification time 26108839 s in the future
make[2]: warning:  Clock skew detected.  Your build may be incomplete.
[  0%] Built target dynamic_reconfigure_generate_messages_nodejs
[  0%] Built target dynamic_reconfigure_generate_messages_eus
[  0%] Built target tf2_msgs_generate_messages_py
make[2]: Warning: File 'CMakeFiles/geometry_msgs_generate_messages_nodejs.dir/progress.make' has modification time 26108839 s in the future
make[2]: Warning: File 'CMakeFiles/geometry_msgs_generate_messages_py.dir/progress.make' has modification time 26108839 s in the future
make[2]: Warning: File 'CMakeFiles/tf2_msgs_generate_messages_eus.dir/progress.make' has modification time 26108839 s in the future
make[2]: warning:  Clock skew detected.  Your build may be incomplete.
make[2]: warning:  Clock skew detected.  Your build may be incomplete.
make[2]: Warning: File 'CMakeFiles/geometry_msgs_generate_messages_nodejs.dir/progress.make' has modification time 26108839 s in the future
make[2]: warning:  Clock skew detected.  Your build may be incomplete.
make[2]: Warning: File 'CMakeFiles/geometry_msgs_generate_messages_py.dir/progress.make' has modification time 26108839 s in the future
make[2]: warning:  Clock skew detected.  Your build may be incomplete.
make[2]: warning:  Clock skew detected.  Your build may be incomplete.
make[2]: Warning: File 'CMakeFiles/tf2_msgs_generate_messages_eus.dir/progress.make' has modification time 26108839 s in the future
make[2]: warning:  Clock skew detected.  Your build may be incomplete.
[  0%] Built target geometry_msgs_generate_messages_nodejs
[  0%] Built target geometry_msgs_generate_messages_py
make[2]: Warning: File 'CMakeFiles/sensor_msgs_generate_messages_py.dir/progress.make' has modification time 26108839 s in the future
make[2]: Warning: File 'CMakeFiles/visualization_msgs_generate_messages_cpp.dir/progress.make' has modification time 26108839 s in the future
[  0%] Built target tf2_msgs_generate_messages_eus
make[2]: Warning: File 'CMakeFiles/nodelet_topic_tools_gencfg.dir/progress.make' has modification time 26108839 s in the future
make[2]: warning:  Clock skew detected.  Your build may be incomplete.
make[2]: Warning: File 'CMakeFiles/visualization_msgs_generate_messages_cpp.dir/progress.make' has modification time 26108839 s in the future
make[2]: warning:  Clock skew detected.  Your build may be incomplete.
make[2]: warning:  Clock skew detected.  Your build may be incomplete.
make[2]: Warning: File 'CMakeFiles/sensor_msgs_generate_messages_py.dir/progress.make' has modification time 26108839 s in the future
make[2]: warning:  Clock skew detected.  Your build may be incomplete.
make[2]: warning:  Clock skew detected.  Your build may be incomplete.
make[2]: Warning: File 'CMakeFiles/nodelet_topic_tools_gencfg.dir/progress.make' has modification time 26108839 s in the future
make[2]: warning:  Clock skew detected.  Your build may be incomplete.
[  0%] Built target visualization_msgs_generate_messages_cpp
[  0%] Built target sensor_msgs_generate_messages_py
make[2]: Warning: File 'CMakeFiles/sensor_msgs_generate_messages_eus.dir/progress.make' has modification time 26108839 s in the future
make[2]: Warning: File 'CMakeFiles/sensor_msgs_generate_messages_lisp.dir/progress.make' has modification time 26108839 s in the future
[  0%] Built target nodelet_topic_tools_gencfg
make[2]: Warning: File 'CMakeFiles/sensor_msgs_generate_messages_nodejs.dir/progress.make' has modification time 26108839 s in the future
make[2]: warning:  Clock skew detected.  Your build may be incomplete.
make[2]: warning:  Clock skew detected.  Your build may be incomplete.
make[2]: Warning: File 'CMakeFiles/sensor_msgs_generate_messages_eus.dir/progress.make' has modification time 26108839 s in the future
make[2]: warning:  Clock skew detected.  Your build may be incomplete.
make[2]: Warning: File 'CMakeFiles/sensor_msgs_generate_messages_lisp.dir/progress.make' has modification time 26108839 s in the future
make[2]: warning:  Clock skew detected.  Your build may be incomplete.
make[2]: warning:  Clock skew detected.  Your build may be incomplete.
make[2]: Warning: File 'CMakeFiles/sensor_msgs_generate_messages_nodejs.dir/progress.make' has modification time 26108839 s in the future
make[2]: warning:  Clock skew detected.  Your build may be incomplete.
[  0%] Built target sensor_msgs_generate_messages_eus
[  0%] Built target sensor_msgs_generate_messages_lisp
make[2]: Warning: File 'CMakeFiles/rosgraph_msgs_generate_messages_cpp.dir/progress.make' has modification time 26108839 s in the future
make[2]: Warning: File 'CMakeFiles/trajectory_msgs_generate_messages_py.dir/progress.make' has modification time 26108839 s in the future
[  0%] Built target sensor_msgs_generate_messages_nodejs
make[2]: Warning: File 'CMakeFiles/actionlib_generate_messages_eus.dir/progress.make' has modification time 26108839 s in the future
make[2]: warning:  Clock skew detected.  Your build may be incomplete.
make[2]: Warning: File 'CMakeFiles/trajectory_msgs_generate_messages_py.dir/progress.make' has modification time 26108839 s in the future
make[2]: warning:  Clock skew detected.  Your build may be incomplete.
make[2]: warning:  Clock skew detected.  Your build may be incomplete.
make[2]: Warning: File 'CMakeFiles/rosgraph_msgs_generate_messages_cpp.dir/progress.make' has modification time 26108839 s in the future
make[2]: warning:  Clock skew detected.  Your build may be incomplete.
make[2]: warning:  Clock skew detected.  Your build may be incomplete.
make[2]: Warning: File 'CMakeFiles/actionlib_generate_messages_eus.dir/progress.make' has modification time 26108839 s in the future
make[2]: warning:  Clock skew detected.  Your build may be incomplete.
[  0%] Built target trajectory_msgs_generate_messages_py
make[2]: Warning: File 'CMakeFiles/actionlib_msgs_generate_messages_cpp.dir/progress.make' has modification time 26108839 s in the future
[  0%] Built target rosgraph_msgs_generate_messages_cpp
make[2]: Warning: File 'CMakeFiles/actionlib_generate_messages_nodejs.dir/progress.make' has modification time 26108839 s in the future
[  0%] Built target actionlib_generate_messages_eus
make[2]: Warning: File 'CMakeFiles/nodelet_generate_messages_eus.dir/progress.make' has modification time 26108839 s in the future
make[2]: warning:  Clock skew detected.  Your build may be incomplete.
make[2]: Warning: File 'CMakeFiles/actionlib_msgs_generate_messages_cpp.dir/progress.make' has modification time 26108839 s in the future
make[2]: warning:  Clock skew detected.  Your build may be incomplete.
make[2]: warning:  Clock skew detected.  Your build may be incomplete.
make[2]: Warning: File 'CMakeFiles/actionlib_generate_messages_nodejs.dir/progress.make' has modification time 26108839 s in the future
make[2]: warning:  Clock skew detected.  Your build may be incomplete.
[  0%] Built target actionlib_msgs_generate_messages_cpp
make[2]: warning:  Clock skew detected.  Your build may be incomplete.
make[2]: Warning: File 'CMakeFiles/diagnostic_msgs_generate_messages_lisp.dir/progress.make' has modification time 26108839 s in the future
make[2]: Warning: File 'CMakeFiles/nodelet_generate_messages_eus.dir/progress.make' has modification time 26108839 s in the future
make[2]: warning:  Clock skew detected.  Your build may be incomplete.
[  0%] Built target actionlib_generate_messages_nodejs
make[2]: Warning: File 'CMakeFiles/actionlib_generate_messages_py.dir/progress.make' has modification time 26108839 s in the future
[  0%] Built target nodelet_generate_messages_eus
make[2]: warning:  Clock skew detected.  Your build may be incomplete.
make[2]: Warning: File 'CMakeFiles/tf_generate_messages_py.dir/progress.make' has modification time 26108839 s in the future
make[2]: Warning: File 'CMakeFiles/diagnostic_msgs_generate_messages_lisp.dir/progress.make' has modification time 26108839 s in the future
make[2]: warning:  Clock skew detected.  Your build may be incomplete.
make[2]: warning:  Clock skew detected.  Your build may be incomplete.
make[2]: Warning: File 'CMakeFiles/actionlib_generate_messages_py.dir/progress.make' has modification time 26108839 s in the future
make[2]: warning:  Clock skew detected.  Your build may be incomplete.
[  0%] Built target diagnostic_msgs_generate_messages_lisp
make[2]: warning:  Clock skew detected.  Your build may be incomplete.
make[2]: Warning: File 'CMakeFiles/std_msgs_generate_messages_eus.dir/progress.make' has modification time 26108839 s in the future
make[2]: Warning: File 'CMakeFiles/tf_generate_messages_py.dir/progress.make' has modification time 26108839 s in the future
make[2]: warning:  Clock skew detected.  Your build may be incomplete.
[  0%] Built target actionlib_generate_messages_py
make[2]: Warning: File 'CMakeFiles/actionlib_msgs_generate_messages_nodejs.dir/progress.make' has modification time 26108839 s in the future
[  0%] Built target tf_generate_messages_py
make[2]: warning:  Clock skew detected.  Your build may be incomplete.
make[2]: Warning: File 'CMakeFiles/actionlib_msgs_generate_messages_lisp.dir/progress.make' has modification time 26108839 s in the future
make[2]: Warning: File 'CMakeFiles/std_msgs_generate_messages_eus.dir/progress.make' has modification time 26108839 s in the future
make[2]: warning:  Clock skew detected.  Your build may be incomplete.
make[2]: warning:  Clock skew detected.  Your build may be incomplete.
make[2]: Warning: File 'CMakeFiles/actionlib_msgs_generate_messages_nodejs.dir/progress.make' has modification time 26108838 s in the future
make[2]: warning:  Clock skew detected.  Your build may be incomplete.
[  0%] Built target std_msgs_generate_messages_eus
make[2]: Warning: File 'CMakeFiles/tf2_msgs_generate_messages_lisp.dir/progress.make' has modification time 26108838 s in the future
make[2]: warning:  Clock skew detected.  Your build may be incomplete.
make[2]: Warning: File 'CMakeFiles/actionlib_msgs_generate_messages_lisp.dir/progress.make' has modification time 26108838 s in the future
make[2]: warning:  Clock skew detected.  Your build may be incomplete.
[  0%] Built target actionlib_msgs_generate_messages_nodejs
make[2]: warning:  Clock skew detected.  Your build may be incomplete.
make[2]: Warning: File 'CMakeFiles/tf2_msgs_generate_messages_lisp.dir/progress.make' has modification time 26108838 s in the future
make[2]: warning:  Clock skew detected.  Your build may be incomplete.
[  0%] Built target actionlib_msgs_generate_messages_lisp
[  0%] Built target tf2_msgs_generate_messages_lisp
make[2]: Warning: File 'CMakeFiles/px4_realsense_bridge.dir/flags.make' has modification time 26108838 s in the future
make[2]: warning:  Clock skew detected.  Your build may be incomplete.
make[2]: Warning: File 'CMakeFiles/px4_realsense_bridge.dir/flags.make' has modification time 26108838 s in the future
make[2]: warning:  Clock skew detected.  Your build may be incomplete.
[ 60%] Built target px4_realsense_bridge
make[2]: Warning: File 'CMakeFiles/px4_realsense_bridge_node.dir/flags.make' has modification time 26108838 s in the future
make[2]: warning:  Clock skew detected.  Your build may be incomplete.
make[2]: Warning: File 'CMakeFiles/px4_realsense_bridge_node.dir/flags.make' has modification time 26108838 s in the future
make[2]: warning:  Clock skew detected.  Your build may be incomplete.
[100%] Built target px4_realsense_bridge_node
make[1]: warning:  Clock skew detected.  Your build may be incomplete.
make: warning:  Clock skew detected.  Your build may be incomplete.
